<?xml version="1.0" encoding="UTF-8"?>
<coverage generated="1728167109087" clover="3.2.0">
  <project timestamp="1728167109087" name="All files">
    <metrics statements="163" coveredstatements="153" conditionals="50" coveredconditionals="40" methods="46" coveredmethods="44" elements="259" coveredelements="237" complexity="0" loc="163" ncloc="163" packages="8" files="20" classes="20"/>
    <package name="app">
      <metrics statements="7" coveredstatements="7" conditionals="0" coveredconditionals="0" methods="1" coveredmethods="1"/>
      <file name="hooks.ts" path="/Users/joao/Downloads/Feito/assessment-cc-react-sr-01/src/app/hooks.ts">
        <metrics statements="3" coveredstatements="3" conditionals="0" coveredconditionals="0" methods="1" coveredmethods="1"/>
        <line num="1" count="2" type="stmt"/>
        <line num="5" count="38" type="stmt"/>
        <line num="6" count="2" type="stmt"/>
      </file>
      <file name="store.ts" path="/Users/joao/Downloads/Feito/assessment-cc-react-sr-01/src/app/store.ts">
        <metrics statements="4" coveredstatements="4" conditionals="0" coveredconditionals="0" methods="0" coveredmethods="0"/>
        <line num="1" count="2" type="stmt"/>
        <line num="2" count="2" type="stmt"/>
        <line num="3" count="2" type="stmt"/>
        <line num="5" count="2" type="stmt"/>
      </file>
    </package>
    <package name="components.monster-battle-card">
      <metrics statements="19" coveredstatements="19" conditionals="9" coveredconditionals="8" methods="5" coveredmethods="5"/>
      <file name="MonsterBattleCard.extended.styled.tsx" path="/Users/joao/Downloads/Feito/assessment-cc-react-sr-01/src/components/monster-battle-card/MonsterBattleCard.extended.styled.tsx">
        <metrics statements="11" coveredstatements="11" conditionals="6" coveredconditionals="6" methods="3" coveredmethods="3"/>
        <line num="1" count="3" type="stmt"/>
        <line num="2" count="3" type="stmt"/>
        <line num="3" count="3" type="stmt"/>
        <line num="6" count="3" type="stmt"/>
        <line num="7" count="59" type="stmt"/>
        <line num="8" count="32" type="stmt"/>
        <line num="21" count="3" type="stmt"/>
        <line num="31" count="3" type="stmt"/>
        <line num="42" count="3" type="stmt"/>
        <line num="50" count="32" type="stmt"/>
        <line num="65" count="3" type="stmt"/>
      </file>
      <file name="MonsterBattleCard.extended.tsx" path="/Users/joao/Downloads/Feito/assessment-cc-react-sr-01/src/components/monster-battle-card/MonsterBattleCard.extended.tsx">
        <metrics statements="8" coveredstatements="8" conditionals="3" coveredconditionals="2" methods="2" coveredmethods="2"/>
        <line num="3" count="3" type="stmt"/>
        <line num="17" count="32" type="stmt"/>
        <line num="18" count="32" type="cond" truecount="1" falsecount="0"/>
        <line num="19" count="24" type="stmt"/>
        <line num="26" count="8" type="stmt"/>
        <line num="27" count="32" type="stmt"/>
        <line num="30" count="8" type="stmt"/>
        <line num="64" count="3" type="stmt"/>
      </file>
    </package>
    <package name="components.monsters-list">
      <metrics statements="24" coveredstatements="24" conditionals="8" coveredconditionals="8" methods="9" coveredmethods="9"/>
      <file name="MonstersList.extended.tsx" path="/Users/joao/Downloads/Feito/assessment-cc-react-sr-01/src/components/monsters-list/MonstersList.extended.tsx">
        <metrics statements="15" coveredstatements="15" conditionals="6" coveredconditionals="6" methods="4" coveredmethods="4"/>
        <line num="2" count="2" type="stmt"/>
        <line num="3" count="2" type="stmt"/>
        <line num="5" count="2" type="stmt"/>
        <line num="6" count="2" type="stmt"/>
        <line num="18" count="20" type="stmt"/>
        <line num="19" count="20" type="stmt"/>
        <line num="20" count="20" type="stmt"/>
        <line num="24" count="20" type="stmt"/>
        <line num="25" count="5" type="cond" truecount="2" falsecount="0"/>
        <line num="26" count="5" type="stmt"/>
        <line num="27" count="5" type="cond" truecount="2" falsecount="0"/>
        <line num="30" count="20" type="stmt"/>
        <line num="37" count="75" type="stmt"/>
        <line num="40" count="5" type="stmt"/>
        <line num="54" count="2" type="stmt"/>
      </file>
      <file name="MonstersList.styled.tsx" path="/Users/joao/Downloads/Feito/assessment-cc-react-sr-01/src/components/monsters-list/MonstersList.styled.tsx">
        <metrics statements="9" coveredstatements="9" conditionals="2" coveredconditionals="2" methods="5" coveredmethods="5"/>
        <line num="1" count="2" type="stmt"/>
        <line num="2" count="2" type="stmt"/>
        <line num="3" count="2" type="stmt"/>
        <line num="5" count="20" type="stmt"/>
        <line num="14" count="2" type="stmt"/>
        <line num="15" count="75" type="stmt"/>
        <line num="30" count="75" type="stmt"/>
        <line num="36" count="75" type="stmt"/>
        <line num="46" count="20" type="stmt"/>
      </file>
    </package>
    <package name="components.title">
      <metrics statements="4" coveredstatements="4" conditionals="0" coveredconditionals="0" methods="1" coveredmethods="1"/>
      <file name="Title.tsx" path="/Users/joao/Downloads/Feito/assessment-cc-react-sr-01/src/components/title/Title.tsx">
        <metrics statements="4" coveredstatements="4" conditionals="0" coveredconditionals="0" methods="1" coveredmethods="1"/>
        <line num="1" count="1" type="stmt"/>
        <line num="2" count="1" type="stmt"/>
        <line num="3" count="1" type="stmt"/>
        <line num="5" count="15" type="stmt"/>
      </file>
    </package>
    <package name="components.winner-display">
      <metrics statements="8" coveredstatements="8" conditionals="0" coveredconditionals="0" methods="3" coveredmethods="3"/>
      <file name="WinnerDisplay.extended.tsx" path="/Users/joao/Downloads/Feito/assessment-cc-react-sr-01/src/components/winner-display/WinnerDisplay.extended.tsx">
        <metrics statements="3" coveredstatements="3" conditionals="0" coveredconditionals="0" methods="1" coveredmethods="1"/>
        <line num="2" count="3" type="stmt"/>
        <line num="8" count="3" type="stmt"/>
        <line num="14" count="3" type="stmt"/>
      </file>
      <file name="WinnerDisplay.styled.tsx" path="/Users/joao/Downloads/Feito/assessment-cc-react-sr-01/src/components/winner-display/WinnerDisplay.styled.tsx">
        <metrics statements="5" coveredstatements="5" conditionals="0" coveredconditionals="0" methods="2" coveredmethods="2"/>
        <line num="1" count="3" type="stmt"/>
        <line num="2" count="3" type="stmt"/>
        <line num="3" count="3" type="stmt"/>
        <line num="5" count="3" type="stmt"/>
        <line num="13" count="3" type="stmt"/>
      </file>
    </package>
    <package name="constants">
      <metrics statements="2" coveredstatements="2" conditionals="0" coveredconditionals="0" methods="0" coveredmethods="0"/>
      <file name="colors.ts" path="/Users/joao/Downloads/Feito/assessment-cc-react-sr-01/src/constants/colors.ts">
        <metrics statements="1" coveredstatements="1" conditionals="0" coveredconditionals="0" methods="0" coveredmethods="0"/>
        <line num="1" count="6" type="stmt"/>
      </file>
      <file name="env.ts" path="/Users/joao/Downloads/Feito/assessment-cc-react-sr-01/src/constants/env.ts">
        <metrics statements="1" coveredstatements="1" conditionals="0" coveredconditionals="0" methods="0" coveredmethods="0"/>
        <line num="1" count="6" type="stmt"/>
      </file>
    </package>
    <package name="pages.battle-of-monsters">
      <metrics statements="48" coveredstatements="41" conditionals="25" coveredconditionals="19" methods="8" coveredmethods="8"/>
      <file name="BattleOfMonsters.extended.styled.tsx" path="/Users/joao/Downloads/Feito/assessment-cc-react-sr-01/src/pages/battle-of-monsters/BattleOfMonsters.extended.styled.tsx">
        <metrics statements="6" coveredstatements="6" conditionals="2" coveredconditionals="2" methods="3" coveredmethods="3"/>
        <line num="1" count="1" type="stmt"/>
        <line num="2" count="1" type="stmt"/>
        <line num="3" count="1" type="stmt"/>
        <line num="5" count="15" type="stmt"/>
        <line num="13" count="15" type="stmt"/>
        <line num="19" count="15" type="stmt"/>
      </file>
      <file name="BattleOfMonsters.extended.tsx" path="/Users/joao/Downloads/Feito/assessment-cc-react-sr-01/src/pages/battle-of-monsters/BattleOfMonsters.extended.tsx">
        <metrics statements="42" coveredstatements="35" conditionals="23" coveredconditionals="17" methods="5" coveredmethods="5"/>
        <line num="1" count="1" type="stmt"/>
        <line num="2" count="1" type="stmt"/>
        <line num="3" count="1" type="stmt"/>
        <line num="4" count="1" type="stmt"/>
        <line num="5" count="1" type="stmt"/>
        <line num="6" count="1" type="stmt"/>
        <line num="7" count="1" type="stmt"/>
        <line num="8" count="1" type="stmt"/>
        <line num="12" count="1" type="stmt"/>
        <line num="17" count="1" type="stmt"/>
        <line num="18" count="1" type="stmt"/>
        <line num="20" count="1" type="stmt"/>
        <line num="22" count="1" type="stmt"/>
        <line num="23" count="18" type="stmt"/>
        <line num="24" count="18" type="stmt"/>
        <line num="25" count="18" type="stmt"/>
        <line num="27" count="18" type="stmt"/>
        <line num="28" count="18" type="stmt"/>
        <line num="29" count="18" type="stmt"/>
        <line num="31" count="18" type="stmt"/>
        <line num="32" count="3" type="stmt"/>
        <line num="35" count="18" type="stmt"/>
        <line num="36" count="6" type="cond" truecount="2" falsecount="0"/>
        <line num="37" count="2" type="stmt"/>
        <line num="38" count="10" type="stmt"/>
        <line num="41" count="2" type="cond" truecount="1" falsecount="0"/>
        <line num="42" count="2" type="stmt"/>
        <line num="45" count="2" type="stmt"/>
        <line num="48" count="4" type="stmt"/>
        <line num="52" count="19" type="stmt"/>
        <line num="53" count="1" type="cond" truecount="2" falsecount="1"/>
        <line num="54" count="0" type="stmt"/>
        <line num="57" count="1" type="stmt"/>
        <line num="64" count="1" type="cond" truecount="0" falsecount="1"/>
        <line num="65" count="0" type="stmt"/>
        <line num="67" count="0" type="cond" truecount="0" falsecount="2"/>
        <line num="68" count="0" type="stmt"/>
        <line num="69" count="0" type="stmt"/>
        <line num="71" count="0" type="stmt"/>
        <line num="72" count="0" type="stmt"/>
        <line num="77" count="18" type="stmt"/>
        <line num="104" count="1" type="stmt"/>
      </file>
    </package>
    <package name="reducers.monsters">
      <metrics statements="51" coveredstatements="48" conditionals="8" coveredconditionals="5" methods="19" coveredmethods="17"/>
      <file name="monsters.actions.extended.ts" path="/Users/joao/Downloads/Feito/assessment-cc-react-sr-01/src/reducers/monsters/monsters.actions.extended.ts">
        <metrics statements="9" coveredstatements="7" conditionals="2" coveredconditionals="1" methods="2" coveredmethods="1"/>
        <line num="1" count="3" type="stmt"/>
        <line num="2" count="3" type="stmt"/>
        <line num="6" count="3" type="stmt"/>
        <line num="8" count="1" type="stmt"/>
        <line num="10" count="1" type="stmt"/>
        <line num="14" count="0" type="stmt"/>
        <line num="16" count="1" type="cond" truecount="1" falsecount="1"/>
        <line num="22" count="3" type="stmt"/>
        <line num="24" count="0" type="stmt"/>
      </file>
      <file name="monsters.actions.ts" path="/Users/joao/Downloads/Feito/assessment-cc-react-sr-01/src/reducers/monsters/monsters.actions.ts">
        <metrics statements="4" coveredstatements="4" conditionals="0" coveredconditionals="0" methods="0" coveredmethods="0"/>
        <line num="1" count="3" type="stmt"/>
        <line num="3" count="3" type="stmt"/>
        <line num="5" count="3" type="stmt"/>
        <line num="10" count="3" type="stmt"/>
      </file>
      <file name="monsters.reducer.extended.ts" path="/Users/joao/Downloads/Feito/assessment-cc-react-sr-01/src/reducers/monsters/monsters.reducer.extended.ts">
        <metrics statements="13" coveredstatements="13" conditionals="2" coveredconditionals="1" methods="4" coveredmethods="4"/>
        <line num="1" count="3" type="stmt"/>
        <line num="4" count="3" type="stmt"/>
        <line num="13" count="3" type="stmt"/>
        <line num="20" count="3" type="stmt"/>
        <line num="24" count="3" type="stmt"/>
        <line num="25" count="1" type="stmt"/>
        <line num="29" count="3" type="stmt"/>
        <line num="30" count="2" type="stmt"/>
        <line num="31" count="2" type="stmt"/>
        <line num="32" count="2" type="stmt"/>
        <line num="33" count="2" type="stmt"/>
        <line num="37" count="3" type="stmt"/>
        <line num="38" count="1" type="cond" truecount="1" falsecount="1"/>
      </file>
      <file name="monsters.reducer.ts" path="/Users/joao/Downloads/Feito/assessment-cc-react-sr-01/src/reducers/monsters/monsters.reducer.ts">
        <metrics statements="8" coveredstatements="8" conditionals="0" coveredconditionals="0" methods="5" coveredmethods="5"/>
        <line num="1" count="3" type="stmt"/>
        <line num="3" count="3" type="stmt"/>
        <line num="10" count="3" type="stmt"/>
        <line num="15" count="3" type="stmt"/>
        <line num="16" count="4" type="stmt"/>
        <line num="21" count="3" type="stmt"/>
        <line num="26" count="4" type="stmt"/>
        <line num="31" count="6" type="stmt"/>
      </file>
      <file name="monsters.selectors.ts" path="/Users/joao/Downloads/Feito/assessment-cc-react-sr-01/src/reducers/monsters/monsters.selectors.ts">
        <metrics statements="3" coveredstatements="3" conditionals="0" coveredconditionals="0" methods="2" coveredmethods="2"/>
        <line num="3" count="26" type="stmt"/>
        <line num="5" count="1" type="stmt"/>
        <line num="6" count="31" type="stmt"/>
      </file>
      <file name="monsters.service.extended.ts" path="/Users/joao/Downloads/Feito/assessment-cc-react-sr-01/src/reducers/monsters/monsters.service.extended.ts">
        <metrics statements="10" coveredstatements="9" conditionals="2" coveredconditionals="1" methods="4" coveredmethods="3"/>
        <line num="1" count="4" type="stmt"/>
        <line num="6" count="4" type="stmt"/>
        <line num="7" count="2" type="cond" truecount="1" falsecount="0"/>
        <line num="8" count="1" type="cond" truecount="0" falsecount="1"/>
        <line num="9" count="0" type="stmt"/>
        <line num="11" count="1" type="stmt"/>
        <line num="15" count="4" type="stmt"/>
        <line num="18" count="4" type="stmt"/>
        <line num="19" count="2" type="stmt"/>
        <line num="28" count="4" type="stmt"/>
      </file>
      <file name="monsters.service.ts" path="/Users/joao/Downloads/Feito/assessment-cc-react-sr-01/src/reducers/monsters/monsters.service.ts">
        <metrics statements="4" coveredstatements="4" conditionals="2" coveredconditionals="2" methods="2" coveredmethods="2"/>
        <line num="1" count="4" type="stmt"/>
        <line num="4" count="10" type="stmt"/>
        <line num="5" count="6" type="cond" truecount="2" falsecount="0"/>
        <line num="7" count="4" type="stmt"/>
      </file>
    </package>
  </project>
</coverage>
