{"/Users/joao/Downloads/Feito/assessment-cc-react-sr-01/src/app/hooks.ts": {"path":"/Users/joao/Downloads/Feito/assessment-cc-react-sr-01/src/app/hooks.ts","statementMap":{"0":{"start":{"line":1,"column":0},"end":{"line":1,"column":77}},"1":{"start":{"line":5,"column":30},"end":{"line":5,"column":47}},"2":{"start":{"line":5,"column":36},"end":{"line":5,"column":63}},"3":{"start":{"line":5,"column":13},"end":{"line":5,"column":30}},"4":{"start":{"line":6,"column":13},"end":{"line":6,"column":75}}},"fnMap":{"0":{"name":"(anonymous_0)","decl":{"start":{"line":5,"column":30},"end":{"line":5,"column":36}},"loc":{"start":{"line":5,"column":30},"end":{"line":5,"column":47}}}},"branchMap":{},"s":{"0":2,"1":2,"2":38,"3":2,"4":2},"f":{"0":38},"b":{}}
,"/Users/joao/Downloads/Feito/assessment-cc-react-sr-01/src/app/store.ts": {"path":"/Users/joao/Downloads/Feito/assessment-cc-react-sr-01/src/app/store.ts","statementMap":{"0":{"start":{"line":1,"column":0},"end":{"line":1,"column":71}},"1":{"start":{"line":2,"column":0},"end":{"line":2,"column":72}},"2":{"start":{"line":3,"column":0},"end":{"line":3,"column":89}},"3":{"start":{"line":5,"column":13},"end":{"line":10,"column":3}}},"fnMap":{},"branchMap":{},"s":{"0":2,"1":2,"2":2,"3":2},"f":{},"b":{}}
,"/Users/joao/Downloads/Feito/assessment-cc-react-sr-01/src/components/monster-battle-card/MonsterBattleCard.extended.styled.tsx": {"path":"/Users/joao/Downloads/Feito/assessment-cc-react-sr-01/src/components/monster-battle-card/MonsterBattleCard.extended.styled.tsx","statementMap":{"0":{"start":{"line":1,"column":0},"end":{"line":1,"column":37}},"1":{"start":{"line":2,"column":0},"end":{"line":2,"column":88}},"2":{"start":{"line":3,"column":0},"end":{"line":3,"column":48}},"3":{"start":{"line":6,"column":13},"end":{"line":18,"column":4}},"4":{"start":{"line":7,"column":29},"end":{"line":7,"column":null}},"5":{"start":{"line":8,"column":44},"end":{"line":8,"column":46}},"6":{"start":{"line":8,"column":51},"end":{"line":18,"column":3}},"7":{"start":{"line":21,"column":13},"end":{"line":28,"column":3}},"8":{"start":{"line":31,"column":13},"end":{"line":39,"column":3}},"9":{"start":{"line":42,"column":13},"end":{"line":47,"column":3}},"10":{"start":{"line":50,"column":13},"end":{"line":62,"column":4}},"11":{"start":{"line":50,"column":56},"end":{"line":62,"column":3}},"12":{"start":{"line":65,"column":13},"end":{"line":71,"column":3}}},"fnMap":{"0":{"name":"(anonymous_1)","decl":{"start":{"line":7,"column":21},"end":{"line":7,"column":25}},"loc":{"start":{"line":7,"column":25},"end":{"line":7,"column":33}}},"1":{"name":"(anonymous_2)","decl":{"start":{"line":8,"column":30},"end":{"line":8,"column":31}},"loc":{"start":{"line":8,"column":46},"end":{"line":8,"column":52}}},"2":{"name":"(anonymous_3)","decl":{"start":{"line":50,"column":50},"end":{"line":50,"column":56}},"loc":{"start":{"line":50,"column":50},"end":{"line":50,"column":null}}}},"branchMap":{"0":{"loc":{"start":{"line":15,"column":11},"end":{"line":15,"column":40}},"type":"cond-expr","locations":[{"start":{"line":15,"column":25},"end":{"line":15,"column":31}},{"start":{"line":15,"column":34},"end":{"line":15,"column":40}}]},"1":{"loc":{"start":{"line":16,"column":14},"end":{"line":16,"column":45}},"type":"cond-expr","locations":[{"start":{"line":16,"column":28},"end":{"line":16,"column":36}},{"start":{"line":16,"column":39},"end":{"line":16,"column":45}}]},"2":{"loc":{"start":{"line":17,"column":18},"end":{"line":17,"column":49}},"type":"cond-expr","locations":[{"start":{"line":17,"column":32},"end":{"line":17,"column":40}},{"start":{"line":17,"column":43},"end":{"line":17,"column":49}}]}},"s":{"0":3,"1":3,"2":3,"3":3,"4":59,"5":32,"6":32,"7":3,"8":3,"9":3,"10":3,"11":32,"12":3},"f":{"0":59,"1":32,"2":32},"b":{"0":[24,8],"1":[24,8],"2":[24,8]}}
,"/Users/joao/Downloads/Feito/assessment-cc-react-sr-01/src/components/monster-battle-card/MonsterBattleCard.extended.tsx": {"path":"/Users/joao/Downloads/Feito/assessment-cc-react-sr-01/src/components/monster-battle-card/MonsterBattleCard.extended.tsx","statementMap":{"0":{"start":{"line":3,"column":0},"end":{"line":3,"column":null}},"1":{"start":{"line":17,"column":54},"end":{"line":62,"column":1}},"2":{"start":{"line":17,"column":64},"end":{"line":17,"column":66}},"3":{"start":{"line":17,"column":71},"end":{"line":17,"column":73}},"4":{"start":{"line":18,"column":2},"end":{"line":24,"column":null}},"5":{"start":{"line":19,"column":4},"end":{"line":23,"column":6}},"6":{"start":{"line":26,"column":28},"end":{"line":29,"column":3}},"7":{"start":{"line":27,"column":4},"end":{"line":27,"column":31}},"8":{"start":{"line":30,"column":2},"end":{"line":61,"column":4}},"9":{"start":{"line":64,"column":9},"end":{"line":64,"column":26}}},"fnMap":{"0":{"name":"(anonymous_2)","decl":{"start":{"line":17,"column":54},"end":{"line":17,"column":55}},"loc":{"start":{"line":17,"column":73},"end":{"line":62,"column":1}}},"1":{"name":"(anonymous_3)","decl":{"start":{"line":26,"column":28},"end":{"line":26,"column":29}},"loc":{"start":{"line":26,"column":42},"end":{"line":29,"column":3}}}},"branchMap":{"0":{"loc":{"start":{"line":18,"column":2},"end":{"line":24,"column":null}},"type":"if","locations":[{"start":{"line":18,"column":2},"end":{"line":24,"column":null}}]},"1":{"loc":{"start":{"line":36,"column":27},"end":{"line":36,"column":48}},"type":"binary-expr","locations":[{"start":{"line":36,"column":27},"end":{"line":36,"column":32}},{"start":{"line":36,"column":36},"end":{"line":36,"column":48}}]}},"s":{"0":3,"1":3,"2":32,"3":32,"4":32,"5":24,"6":8,"7":32,"8":8,"9":3},"f":{"0":32,"1":32},"b":{"0":[24],"1":[8,0]}}
,"/Users/joao/Downloads/Feito/assessment-cc-react-sr-01/src/components/monsters-list/MonstersList.extended.tsx": {"path":"/Users/joao/Downloads/Feito/assessment-cc-react-sr-01/src/components/monsters-list/MonstersList.extended.tsx","statementMap":{"0":{"start":{"line":2,"column":0},"end":{"line":2,"column":33}},"1":{"start":{"line":3,"column":0},"end":{"line":3,"column":49}},"2":{"start":{"line":5,"column":0},"end":{"line":5,"column":78}},"3":{"start":{"line":6,"column":0},"end":{"line":6,"column":null}},"4":{"start":{"line":18,"column":50},"end":{"line":52,"column":1}},"5":{"start":{"line":18,"column":61},"end":{"line":18,"column":63}},"6":{"start":{"line":19,"column":19},"end":{"line":19,"column":35}},"7":{"start":{"line":20,"column":52},"end":{"line":21,"column":null}},"8":{"start":{"line":20,"column":26},"end":{"line":20,"column":28}},"9":{"start":{"line":20,"column":48},"end":{"line":20,"column":52}},"10":{"start":{"line":24,"column":29},"end":{"line":28,"column":3}},"11":{"start":{"line":25,"column":18},"end":{"line":25,"column":70}},"12":{"start":{"line":26,"column":4},"end":{"line":26,"column":32}},"13":{"start":{"line":27,"column":4},"end":{"line":27,"column":58}},"14":{"start":{"line":30,"column":2},"end":{"line":51,"column":4}},"15":{"start":{"line":37,"column":33},"end":{"line":48,"column":10}},"16":{"start":{"line":40,"column":27},"end":{"line":40,"column":null}},"17":{"start":{"line":54,"column":9},"end":{"line":54,"column":21}}},"fnMap":{"0":{"name":"(anonymous_2)","decl":{"start":{"line":18,"column":50},"end":{"line":18,"column":51}},"loc":{"start":{"line":18,"column":63},"end":{"line":52,"column":1}}},"1":{"name":"(anonymous_3)","decl":{"start":{"line":24,"column":29},"end":{"line":24,"column":30}},"loc":{"start":{"line":24,"column":46},"end":{"line":28,"column":3}}},"2":{"name":"(anonymous_4)","decl":{"start":{"line":37,"column":22},"end":{"line":37,"column":29}},"loc":{"start":{"line":37,"column":29},"end":{"line":37,"column":null}}},"3":{"name":"(anonymous_5)","decl":{"start":{"line":40,"column":21},"end":{"line":40,"column":27}},"loc":{"start":{"line":40,"column":21},"end":{"line":40,"column":45}}}},"branchMap":{"0":{"loc":{"start":{"line":25,"column":18},"end":{"line":25,"column":70}},"type":"cond-expr","locations":[{"start":{"line":25,"column":53},"end":{"line":25,"column":57}},{"start":{"line":25,"column":60},"end":{"line":25,"column":70}}]},"1":{"loc":{"start":{"line":27,"column":32},"end":{"line":27,"column":55}},"type":"cond-expr","locations":[{"start":{"line":27,"column":41},"end":{"line":27,"column":45}},{"start":{"line":27,"column":48},"end":{"line":27,"column":55}}]},"2":{"loc":{"start":{"line":33,"column":9},"end":{"line":33,"column":78}},"type":"cond-expr","locations":[{"start":{"line":33,"column":31},"end":{"line":33,"column":52}},{"start":{"line":33,"column":55},"end":{"line":33,"column":78}}]}},"s":{"0":2,"1":2,"2":2,"3":2,"4":2,"5":20,"6":20,"7":20,"8":20,"9":20,"10":20,"11":5,"12":5,"13":5,"14":20,"15":75,"16":5,"17":2},"f":{"0":20,"1":5,"2":75,"3":5},"b":{"0":[2,3],"1":[2,3],"2":[15,5]}}
,"/Users/joao/Downloads/Feito/assessment-cc-react-sr-01/src/components/monsters-list/MonstersList.styled.tsx": {"path":"/Users/joao/Downloads/Feito/assessment-cc-react-sr-01/src/components/monsters-list/MonstersList.styled.tsx","statementMap":{"0":{"start":{"line":1,"column":0},"end":{"line":1,"column":37}},"1":{"start":{"line":2,"column":0},"end":{"line":2,"column":49}},"2":{"start":{"line":3,"column":0},"end":{"line":3,"column":48}},"3":{"start":{"line":5,"column":13},"end":{"line":12,"column":4}},"4":{"start":{"line":5,"column":50},"end":{"line":12,"column":3}},"5":{"start":{"line":14,"column":13},"end":{"line":28,"column":2}},"6":{"start":{"line":15,"column":13},"end":{"line":15,"column":15}},"7":{"start":{"line":15,"column":20},"end":{"line":27,"column":null}},"8":{"start":{"line":30,"column":13},"end":{"line":34,"column":4}},"9":{"start":{"line":30,"column":38},"end":{"line":34,"column":3}},"10":{"start":{"line":36,"column":13},"end":{"line":44,"column":4}},"11":{"start":{"line":36,"column":52},"end":{"line":44,"column":3}},"12":{"start":{"line":46,"column":13},"end":{"line":50,"column":4}},"13":{"start":{"line":46,"column":52},"end":{"line":50,"column":3}}},"fnMap":{"0":{"name":"(anonymous_1)","decl":{"start":{"line":5,"column":44},"end":{"line":5,"column":50}},"loc":{"start":{"line":5,"column":44},"end":{"line":5,"column":51}}},"1":{"name":"(anonymous_2)","decl":{"start":{"line":15,"column":2},"end":{"line":15,"column":3}},"loc":{"start":{"line":15,"column":15},"end":{"line":15,"column":21}}},"2":{"name":"(anonymous_3)","decl":{"start":{"line":30,"column":32},"end":{"line":30,"column":38}},"loc":{"start":{"line":30,"column":32},"end":{"line":30,"column":39}}},"3":{"name":"(anonymous_4)","decl":{"start":{"line":36,"column":46},"end":{"line":36,"column":52}},"loc":{"start":{"line":36,"column":46},"end":{"line":36,"column":53}}},"4":{"name":"(anonymous_5)","decl":{"start":{"line":46,"column":46},"end":{"line":46,"column":52}},"loc":{"start":{"line":46,"column":46},"end":{"line":46,"column":53}}}},"branchMap":{"0":{"loc":{"start":{"line":17,"column":12},"end":{"line":17,"column":59}},"type":"cond-expr","locations":[{"start":{"line":17,"column":23},"end":{"line":17,"column":50}},{"start":{"line":17,"column":53},"end":{"line":17,"column":59}}]}},"s":{"0":2,"1":2,"2":2,"3":2,"4":20,"5":2,"6":75,"7":75,"8":2,"9":75,"10":2,"11":75,"12":2,"13":20},"f":{"0":20,"1":75,"2":75,"3":75,"4":20},"b":{"0":[5,70]}}
,"/Users/joao/Downloads/Feito/assessment-cc-react-sr-01/src/components/title/Title.tsx": {"path":"/Users/joao/Downloads/Feito/assessment-cc-react-sr-01/src/components/title/Title.tsx","statementMap":{"0":{"start":{"line":1,"column":0},"end":{"line":1,"column":37}},"1":{"start":{"line":2,"column":0},"end":{"line":2,"column":43}},"2":{"start":{"line":3,"column":0},"end":{"line":3,"column":48}},"3":{"start":{"line":5,"column":13},"end":{"line":12,"column":4}},"4":{"start":{"line":5,"column":46},"end":{"line":12,"column":3}}},"fnMap":{"0":{"name":"(anonymous_1)","decl":{"start":{"line":5,"column":40},"end":{"line":5,"column":46}},"loc":{"start":{"line":5,"column":40},"end":{"line":5,"column":47}}}},"branchMap":{},"s":{"0":1,"1":1,"2":1,"3":1,"4":15},"f":{"0":15},"b":{}}
,"/Users/joao/Downloads/Feito/assessment-cc-react-sr-01/src/components/winner-display/WinnerDisplay.extended.tsx": {"path":"/Users/joao/Downloads/Feito/assessment-cc-react-sr-01/src/components/winner-display/WinnerDisplay.extended.tsx","statementMap":{"0":{"start":{"line":2,"column":0},"end":{"line":2,"column":76}},"1":{"start":{"line":8,"column":39},"end":{"line":8,"column":null}},"2":{"start":{"line":8,"column":46},"end":{"line":8,"column":48}},"3":{"start":{"line":8,"column":53},"end":{"line":12,"column":2}},"4":{"start":{"line":14,"column":9},"end":{"line":14,"column":22}}},"fnMap":{"0":{"name":"(anonymous_0)","decl":{"start":{"line":8,"column":39},"end":{"line":8,"column":40}},"loc":{"start":{"line":8,"column":48},"end":{"line":8,"column":null}}}},"branchMap":{},"s":{"0":3,"1":3,"2":2,"3":2,"4":3},"f":{"0":2},"b":{}}
,"/Users/joao/Downloads/Feito/assessment-cc-react-sr-01/src/components/winner-display/WinnerDisplay.styled.tsx": {"path":"/Users/joao/Downloads/Feito/assessment-cc-react-sr-01/src/components/winner-display/WinnerDisplay.styled.tsx","statementMap":{"0":{"start":{"line":1,"column":0},"end":{"line":1,"column":37}},"1":{"start":{"line":2,"column":0},"end":{"line":2,"column":43}},"2":{"start":{"line":3,"column":0},"end":{"line":3,"column":48}},"3":{"start":{"line":5,"column":13},"end":{"line":11,"column":4}},"4":{"start":{"line":5,"column":59},"end":{"line":11,"column":3}},"5":{"start":{"line":13,"column":13},"end":{"line":19,"column":4}},"6":{"start":{"line":13,"column":51},"end":{"line":19,"column":3}}},"fnMap":{"0":{"name":"(anonymous_1)","decl":{"start":{"line":5,"column":53},"end":{"line":5,"column":59}},"loc":{"start":{"line":5,"column":53},"end":{"line":5,"column":60}}},"1":{"name":"(anonymous_2)","decl":{"start":{"line":13,"column":45},"end":{"line":13,"column":51}},"loc":{"start":{"line":13,"column":45},"end":{"line":13,"column":52}}}},"branchMap":{},"s":{"0":3,"1":3,"2":3,"3":3,"4":2,"5":3,"6":2},"f":{"0":2,"1":2},"b":{}}
,"/Users/joao/Downloads/Feito/assessment-cc-react-sr-01/src/constants/colors.ts": {"path":"/Users/joao/Downloads/Feito/assessment-cc-react-sr-01/src/constants/colors.ts","statementMap":{"0":{"start":{"line":1,"column":13},"end":{"line":11,"column":2}}},"fnMap":{},"branchMap":{},"s":{"0":6},"f":{},"b":{}}
,"/Users/joao/Downloads/Feito/assessment-cc-react-sr-01/src/constants/env.ts": {"path":"/Users/joao/Downloads/Feito/assessment-cc-react-sr-01/src/constants/env.ts","statementMap":{"0":{"start":{"line":1,"column":13},"end":{"line":1,"column":47}}},"fnMap":{},"branchMap":{},"s":{"0":6},"f":{},"b":{}}
,"/Users/joao/Downloads/Feito/assessment-cc-react-sr-01/src/pages/battle-of-monsters/BattleOfMonsters.extended.styled.tsx": {"path":"/Users/joao/Downloads/Feito/assessment-cc-react-sr-01/src/pages/battle-of-monsters/BattleOfMonsters.extended.styled.tsx","statementMap":{"0":{"start":{"line":1,"column":0},"end":{"line":1,"column":37}},"1":{"start":{"line":2,"column":0},"end":{"line":2,"column":39}},"2":{"start":{"line":3,"column":0},"end":{"line":3,"column":48}},"3":{"start":{"line":5,"column":13},"end":{"line":11,"column":4}},"4":{"start":{"line":5,"column":46},"end":{"line":11,"column":3}},"5":{"start":{"line":13,"column":13},"end":{"line":17,"column":4}},"6":{"start":{"line":13,"column":50},"end":{"line":17,"column":3}},"7":{"start":{"line":19,"column":13},"end":{"line":34,"column":4}},"8":{"start":{"line":19,"column":59},"end":{"line":19,"column":61}},"9":{"start":{"line":19,"column":66},"end":{"line":34,"column":3}}},"fnMap":{"0":{"name":"(anonymous_1)","decl":{"start":{"line":5,"column":40},"end":{"line":5,"column":46}},"loc":{"start":{"line":5,"column":40},"end":{"line":5,"column":47}}},"1":{"name":"(anonymous_2)","decl":{"start":{"line":13,"column":44},"end":{"line":13,"column":50}},"loc":{"start":{"line":13,"column":44},"end":{"line":13,"column":51}}},"2":{"name":"(anonymous_3)","decl":{"start":{"line":19,"column":48},"end":{"line":19,"column":49}},"loc":{"start":{"line":19,"column":61},"end":{"line":19,"column":67}}}},"branchMap":{"0":{"loc":{"start":{"line":20,"column":14},"end":{"line":20,"column":61}},"type":"cond-expr","locations":[{"start":{"line":20,"column":25},"end":{"line":20,"column":42}},{"start":{"line":20,"column":45},"end":{"line":20,"column":61}}]}},"s":{"0":1,"1":1,"2":1,"3":1,"4":15,"5":1,"6":15,"7":1,"8":15,"9":15},"f":{"0":15,"1":15,"2":15},"b":{"0":[13,2]}}
,"/Users/joao/Downloads/Feito/assessment-cc-react-sr-01/src/pages/battle-of-monsters/BattleOfMonsters.extended.tsx": {"path":"/Users/joao/Downloads/Feito/assessment-cc-react-sr-01/src/pages/battle-of-monsters/BattleOfMonsters.extended.tsx","statementMap":{"0":{"start":{"line":1,"column":0},"end":{"line":1,"column":51}},"1":{"start":{"line":2,"column":0},"end":{"line":2,"column":42}},"2":{"start":{"line":3,"column":0},"end":{"line":3,"column":49}},"3":{"start":{"line":4,"column":0},"end":{"line":4,"column":100}},"4":{"start":{"line":5,"column":0},"end":{"line":5,"column":84}},"5":{"start":{"line":6,"column":0},"end":{"line":6,"column":53}},"6":{"start":{"line":7,"column":0},"end":{"line":7,"column":77}},"7":{"start":{"line":8,"column":0},"end":{"line":8,"column":null}},"8":{"start":{"line":12,"column":0},"end":{"line":12,"column":null}},"9":{"start":{"line":17,"column":0},"end":{"line":17,"column":87}},"10":{"start":{"line":18,"column":0},"end":{"line":18,"column":52}},"11":{"start":{"line":20,"column":0},"end":{"line":20,"column":79}},"12":{"start":{"line":22,"column":25},"end":{"line":102,"column":1}},"13":{"start":{"line":23,"column":19},"end":{"line":23,"column":35}},"14":{"start":{"line":24,"column":19},"end":{"line":24,"column":59}},"15":{"start":{"line":25,"column":26},"end":{"line":25,"column":78}},"16":{"start":{"line":27,"column":48},"end":{"line":27,"column":78}},"17":{"start":{"line":27,"column":24},"end":{"line":27,"column":26}},"18":{"start":{"line":27,"column":44},"end":{"line":27,"column":48}},"19":{"start":{"line":28,"column":30},"end":{"line":28,"column":60}},"20":{"start":{"line":28,"column":15},"end":{"line":28,"column":17}},"21":{"start":{"line":28,"column":26},"end":{"line":28,"column":30}},"22":{"start":{"line":29,"column":36},"end":{"line":29,"column":51}},"23":{"start":{"line":29,"column":18},"end":{"line":29,"column":20}},"24":{"start":{"line":29,"column":32},"end":{"line":29,"column":36}},"25":{"start":{"line":31,"column":2},"end":{"line":33,"column":17}},"26":{"start":{"line":32,"column":4},"end":{"line":32,"column":34}},"27":{"start":{"line":35,"column":2},"end":{"line":50,"column":24}},"28":{"start":{"line":36,"column":4},"end":{"line":49,"column":null}},"29":{"start":{"line":37,"column":32},"end":{"line":38,"column":null}},"30":{"start":{"line":38,"column":21},"end":{"line":38,"column":null}},"31":{"start":{"line":41,"column":6},"end":{"line":46,"column":null}},"32":{"start":{"line":42,"column":28},"end":{"line":43,"column":null}},"33":{"start":{"line":45,"column":8},"end":{"line":45,"column":59}},"34":{"start":{"line":48,"column":6},"end":{"line":48,"column":31}},"35":{"start":{"line":52,"column":33},"end":{"line":75,"column":4}},"36":{"start":{"line":53,"column":4},"end":{"line":55,"column":null}},"37":{"start":{"line":54,"column":6},"end":{"line":54,"column":13}},"38":{"start":{"line":57,"column":21},"end":{"line":62,"column":null}},"39":{"start":{"line":57,"column":10},"end":{"line":62,"column":null}},"40":{"start":{"line":64,"column":4},"end":{"line":74,"column":null}},"41":{"start":{"line":65,"column":12},"end":{"line":65,"column":44}},"42":{"start":{"line":67,"column":6},"end":{"line":73,"column":null}},"43":{"start":{"line":68,"column":8},"end":{"line":68,"column":27}},"44":{"start":{"line":69,"column":8},"end":{"line":69,"column":24}},"45":{"start":{"line":71,"column":8},"end":{"line":71,"column":39}},"46":{"start":{"line":72,"column":8},"end":{"line":72,"column":28}},"47":{"start":{"line":77,"column":2},"end":{"line":101,"column":4}},"48":{"start":{"line":104,"column":9},"end":{"line":104,"column":25}}},"fnMap":{"0":{"name":"(anonymous_16)","decl":{"start":{"line":22,"column":25},"end":{"line":22,"column":null}},"loc":{"start":{"line":22,"column":25},"end":{"line":102,"column":1}}},"1":{"name":"(anonymous_17)","decl":{"start":{"line":31,"column":12},"end":{"line":31,"column":null}},"loc":{"start":{"line":31,"column":12},"end":{"line":33,"column":3}}},"2":{"name":"(anonymous_18)","decl":{"start":{"line":35,"column":12},"end":{"line":35,"column":null}},"loc":{"start":{"line":35,"column":12},"end":{"line":50,"column":3}}},"3":{"name":"(anonymous_19)","decl":{"start":{"line":38,"column":8},"end":{"line":38,"column":9}},"loc":{"start":{"line":38,"column":16},"end":{"line":38,"column":28}}},"4":{"name":"(anonymous_20)","decl":{"start":{"line":52,"column":33},"end":{"line":52,"column":null}},"loc":{"start":{"line":52,"column":33},"end":{"line":75,"column":4}}}},"branchMap":{"0":{"loc":{"start":{"line":36,"column":4},"end":{"line":49,"column":null}},"type":"if","locations":[{"start":{"line":36,"column":4},"end":{"line":49,"column":null}},{"start":{"line":47,"column":11},"end":{"line":49,"column":null}}]},"1":{"loc":{"start":{"line":41,"column":6},"end":{"line":46,"column":null}},"type":"if","locations":[{"start":{"line":41,"column":6},"end":{"line":46,"column":null}}]},"2":{"loc":{"start":{"line":53,"column":4},"end":{"line":55,"column":null}},"type":"if","locations":[{"start":{"line":53,"column":4},"end":{"line":55,"column":null}}]},"3":{"loc":{"start":{"line":53,"column":8},"end":{"line":53,"column":44}},"type":"binary-expr","locations":[{"start":{"line":53,"column":8},"end":{"line":53,"column":24}},{"start":{"line":53,"column":28},"end":{"line":53,"column":44}}]},"4":{"loc":{"start":{"line":64,"column":4},"end":{"line":74,"column":null}},"type":"if","locations":[{"start":{"line":64,"column":4},"end":{"line":74,"column":null}}]},"5":{"loc":{"start":{"line":67,"column":6},"end":{"line":73,"column":null}},"type":"if","locations":[{"start":{"line":67,"column":6},"end":{"line":73,"column":null}},{"start":{"line":70,"column":13},"end":{"line":73,"column":null}}]},"6":{"loc":{"start":{"line":81,"column":7},"end":{"line":81,"column":53}},"type":"binary-expr","locations":[{"start":{"line":81,"column":7},"end":{"line":81,"column":13}},{"start":{"line":81,"column":17},"end":{"line":81,"column":53}}]},"7":{"loc":{"start":{"line":82,"column":7},"end":{"line":82,"column":56}},"type":"binary-expr","locations":[{"start":{"line":82,"column":7},"end":{"line":82,"column":16}},{"start":{"line":82,"column":20},"end":{"line":82,"column":56}}]},"8":{"loc":{"start":{"line":86,"column":17},"end":{"line":86,"column":50}},"type":"binary-expr","locations":[{"start":{"line":86,"column":17},"end":{"line":86,"column":38}},{"start":{"line":86,"column":42},"end":{"line":86,"column":50}}]},"9":{"loc":{"start":{"line":86,"column":17},"end":{"line":86,"column":38}},"type":"cond-expr","locations":[{"start":{"line":86,"column":32},"end":{"line":86,"column":34}},{"start":{"line":86,"column":17},"end":{"line":86,"column":38}}]},"10":{"loc":{"start":{"line":86,"column":17},"end":{"line":86,"column":34}},"type":"binary-expr","locations":[{"start":{"line":86,"column":17},"end":{"line":86,"column":34}},{"start":{"line":86,"column":17},"end":{"line":86,"column":34}}]},"11":{"loc":{"start":{"line":90,"column":20},"end":{"line":90,"column":56}},"type":"binary-expr","locations":[{"start":{"line":90,"column":20},"end":{"line":90,"column":36}},{"start":{"line":90,"column":40},"end":{"line":90,"column":56}}]},"12":{"loc":{"start":{"line":97,"column":17},"end":{"line":97,"column":68}},"type":"cond-expr","locations":[{"start":{"line":97,"column":35},"end":{"line":97,"column":55}},{"start":{"line":97,"column":58},"end":{"line":97,"column":68}}]}},"s":{"0":1,"1":1,"2":1,"3":1,"4":1,"5":1,"6":1,"7":1,"8":1,"9":1,"10":1,"11":1,"12":1,"13":18,"14":18,"15":18,"16":18,"17":18,"18":18,"19":18,"20":18,"21":18,"22":18,"23":18,"24":18,"25":18,"26":3,"27":18,"28":6,"29":2,"30":10,"31":2,"32":2,"33":2,"34":4,"35":19,"36":1,"37":0,"38":1,"39":1,"40":1,"41":0,"42":0,"43":0,"44":0,"45":0,"46":0,"47":18,"48":1},"f":{"0":18,"1":3,"2":6,"3":10,"4":2},"b":{"0":[2,4],"1":[2],"2":[0],"3":[1,1],"4":[0],"5":[0,0],"6":[18,0],"7":[18,0],"8":[18,14],"9":[14,4],"10":[18,4],"11":[18,4],"12":[3,15]}}
,"/Users/joao/Downloads/Feito/assessment-cc-react-sr-01/src/reducers/monsters/monsters.actions.extended.ts": {"path":"/Users/joao/Downloads/Feito/assessment-cc-react-sr-01/src/reducers/monsters/monsters.actions.extended.ts","statementMap":{"0":{"start":{"line":1,"column":0},"end":{"line":1,"column":66}},"1":{"start":{"line":2,"column":0},"end":{"line":2,"column":69}},"2":{"start":{"line":6,"column":13},"end":{"line":19,"column":2}},"3":{"start":{"line":8,"column":21},"end":{"line":8,"column":23}},"4":{"start":{"line":8,"column":33},"end":{"line":8,"column":44}},"5":{"start":{"line":8,"column":63},"end":{"line":8,"column":65}},"6":{"start":{"line":10,"column":23},"end":{"line":13,"column":null}},"7":{"start":{"line":10,"column":12},"end":{"line":13,"column":null}},"8":{"start":{"line":14,"column":6},"end":{"line":14,"column":22}},"9":{"start":{"line":16,"column":6},"end":{"line":16,"column":75}},"10":{"start":{"line":22,"column":13},"end":{"line":27,"column":2}},"11":{"start":{"line":24,"column":15},"end":{"line":26,"column":null}}},"fnMap":{"0":{"name":"(anonymous_13)","decl":{"start":{"line":8,"column":2},"end":{"line":8,"column":9}},"loc":{"start":{"line":8,"column":65},"end":{"line":18,"column":null}}},"1":{"name":"(anonymous_16)","decl":{"start":{"line":24,"column":2},"end":{"line":24,"column":3}},"loc":{"start":{"line":24,"column":10},"end":{"line":24,"column":16}}}},"branchMap":{"0":{"loc":{"start":{"line":16,"column":29},"end":{"line":16,"column":73}},"type":"binary-expr","locations":[{"start":{"line":16,"column":29},"end":{"line":16,"column":42}},{"start":{"line":16,"column":46},"end":{"line":16,"column":73}}]}},"s":{"0":3,"1":3,"2":3,"3":1,"4":1,"5":1,"6":1,"7":1,"8":0,"9":1,"10":3,"11":0},"f":{"0":1,"1":0},"b":{"0":[1,0]}}
,"/Users/joao/Downloads/Feito/assessment-cc-react-sr-01/src/reducers/monsters/monsters.actions.ts": {"path":"/Users/joao/Downloads/Feito/assessment-cc-react-sr-01/src/reducers/monsters/monsters.actions.ts","statementMap":{"0":{"start":{"line":1,"column":0},"end":{"line":1,"column":66}},"1":{"start":{"line":3,"column":0},"end":{"line":3,"column":52}},"2":{"start":{"line":5,"column":13},"end":{"line":8,"column":2}},"3":{"start":{"line":10,"column":13},"end":{"line":12,"column":2}}},"fnMap":{},"branchMap":{},"s":{"0":3,"1":3,"2":3,"3":3},"f":{},"b":{}}
,"/Users/joao/Downloads/Feito/assessment-cc-react-sr-01/src/reducers/monsters/monsters.reducer.extended.ts": {"path":"/Users/joao/Downloads/Feito/assessment-cc-react-sr-01/src/reducers/monsters/monsters.reducer.extended.ts","statementMap":{"0":{"start":{"line":1,"column":0},"end":{"line":1,"column":49}},"1":{"start":{"line":4,"column":0},"end":{"line":4,"column":75}},"2":{"start":{"line":13,"column":35},"end":{"line":18,"column":2}},"3":{"start":{"line":20,"column":13},"end":{"line":43,"column":2}},"4":{"start":{"line":24,"column":4},"end":{"line":26,"column":7}},"5":{"start":{"line":25,"column":6},"end":{"line":25,"column":49}},"6":{"start":{"line":29,"column":4},"end":{"line":34,"column":7}},"7":{"start":{"line":30,"column":30},"end":{"line":30,"column":54}},"8":{"start":{"line":30,"column":20},"end":{"line":30,"column":22}},"9":{"start":{"line":30,"column":25},"end":{"line":30,"column":30}},"10":{"start":{"line":31,"column":6},"end":{"line":31,"column":28}},"11":{"start":{"line":32,"column":6},"end":{"line":32,"column":22}},"12":{"start":{"line":33,"column":6},"end":{"line":33,"column":25}},"13":{"start":{"line":37,"column":4},"end":{"line":39,"column":7}},"14":{"start":{"line":38,"column":6},"end":{"line":38,"column":74}}},"fnMap":{"0":{"name":"(anonymous_0)","decl":{"start":{"line":22,"column":2},"end":{"line":22,"column":3}},"loc":{"start":{"line":22,"column":10},"end":{"line":42,"column":3}}},"1":{"name":"(anonymous_1)","decl":{"start":{"line":24,"column":38},"end":{"line":24,"column":39}},"loc":{"start":{"line":24,"column":52},"end":{"line":26,"column":5}}},"2":{"name":"(anonymous_2)","decl":{"start":{"line":29,"column":42},"end":{"line":29,"column":43}},"loc":{"start":{"line":29,"column":56},"end":{"line":34,"column":5}}},"3":{"name":"(anonymous_3)","decl":{"start":{"line":37,"column":41},"end":{"line":37,"column":42}},"loc":{"start":{"line":37,"column":55},"end":{"line":39,"column":5}}}},"branchMap":{"0":{"loc":{"start":{"line":38,"column":20},"end":{"line":38,"column":73}},"type":"binary-expr","locations":[{"start":{"line":38,"column":20},"end":{"line":38,"column":40}},{"start":{"line":38,"column":44},"end":{"line":38,"column":73}}]}},"s":{"0":3,"1":3,"2":3,"3":3,"4":3,"5":1,"6":3,"7":2,"8":2,"9":2,"10":2,"11":2,"12":2,"13":3,"14":1},"f":{"0":3,"1":1,"2":2,"3":1},"b":{"0":[1,0]}}
,"/Users/joao/Downloads/Feito/assessment-cc-react-sr-01/src/reducers/monsters/monsters.reducer.ts": {"path":"/Users/joao/Downloads/Feito/assessment-cc-react-sr-01/src/reducers/monsters/monsters.reducer.ts","statementMap":{"0":{"start":{"line":1,"column":0},"end":{"line":1,"column":49}},"1":{"start":{"line":3,"column":0},"end":{"line":3,"column":75}},"2":{"start":{"line":10,"column":35},"end":{"line":13,"column":2}},"3":{"start":{"line":15,"column":13},"end":{"line":35,"column":3}},"4":{"start":{"line":16,"column":2},"end":{"line":19,"column":6}},"5":{"start":{"line":16,"column":54},"end":{"line":19,"column":5}},"6":{"start":{"line":21,"column":2},"end":{"line":24,"column":6}},"7":{"start":{"line":21,"column":55},"end":{"line":24,"column":5}},"8":{"start":{"line":26,"column":2},"end":{"line":29,"column":6}},"9":{"start":{"line":26,"column":66},"end":{"line":29,"column":5}},"10":{"start":{"line":31,"column":2},"end":{"line":34,"column":6}},"11":{"start":{"line":31,"column":57},"end":{"line":34,"column":5}}},"fnMap":{"0":{"name":"(anonymous_2)","decl":{"start":{"line":15,"column":59},"end":{"line":15,"column":66}},"loc":{"start":{"line":15,"column":66},"end":{"line":35,"column":1}}},"1":{"name":"(anonymous_3)","decl":{"start":{"line":16,"column":45},"end":{"line":16,"column":50}},"loc":{"start":{"line":16,"column":50},"end":{"line":16,"column":null}}},"2":{"name":"(anonymous_4)","decl":{"start":{"line":21,"column":46},"end":{"line":21,"column":51}},"loc":{"start":{"line":21,"column":51},"end":{"line":21,"column":null}}},"3":{"name":"(anonymous_5)","decl":{"start":{"line":26,"column":47},"end":{"line":26,"column":48}},"loc":{"start":{"line":26,"column":61},"end":{"line":26,"column":null}}},"4":{"name":"(anonymous_6)","decl":{"start":{"line":31,"column":38},"end":{"line":31,"column":39}},"loc":{"start":{"line":31,"column":52},"end":{"line":31,"column":null}}}},"branchMap":{},"s":{"0":3,"1":3,"2":3,"3":3,"4":3,"5":4,"6":3,"7":1,"8":3,"9":4,"10":3,"11":6},"f":{"0":3,"1":4,"2":1,"3":4,"4":6},"b":{}}
,"/Users/joao/Downloads/Feito/assessment-cc-react-sr-01/src/reducers/monsters/monsters.selectors.ts": {"path":"/Users/joao/Downloads/Feito/assessment-cc-react-sr-01/src/reducers/monsters/monsters.selectors.ts","statementMap":{"0":{"start":{"line":3,"column":30},"end":{"line":3,"column":57}},"1":{"start":{"line":3,"column":52},"end":{"line":3,"column":76}},"2":{"start":{"line":3,"column":13},"end":{"line":3,"column":30}},"3":{"start":{"line":5,"column":37},"end":{"line":6,"column":7}},"4":{"start":{"line":6,"column":2},"end":{"line":6,"column":33}},"5":{"start":{"line":5,"column":13},"end":{"line":5,"column":37}}},"fnMap":{"0":{"name":"(anonymous_0)","decl":{"start":{"line":3,"column":30},"end":{"line":3,"column":31}},"loc":{"start":{"line":3,"column":47},"end":{"line":3,"column":57}}},"1":{"name":"(anonymous_1)","decl":{"start":{"line":5,"column":37},"end":{"line":5,"column":38}},"loc":{"start":{"line":5,"column":54},"end":{"line":6,"column":7}}}},"branchMap":{},"s":{"0":1,"1":26,"2":1,"3":1,"4":31,"5":1},"f":{"0":26,"1":31},"b":{}}
,"/Users/joao/Downloads/Feito/assessment-cc-react-sr-01/src/reducers/monsters/monsters.service.extended.ts": {"path":"/Users/joao/Downloads/Feito/assessment-cc-react-sr-01/src/reducers/monsters/monsters.service.extended.ts","statementMap":{"0":{"start":{"line":1,"column":0},"end":{"line":1,"column":46}},"1":{"start":{"line":6,"column":18},"end":{"line":12,"column":2}},"2":{"start":{"line":6,"column":59},"end":{"line":12,"column":2}},"3":{"start":{"line":7,"column":19},"end":{"line":7,"column":null}},"4":{"start":{"line":7,"column":8},"end":{"line":7,"column":null}},"5":{"start":{"line":8,"column":2},"end":{"line":10,"column":null}},"6":{"start":{"line":9,"column":4},"end":{"line":9,"column":70}},"7":{"start":{"line":11,"column":2},"end":{"line":11,"column":25}},"8":{"start":{"line":15,"column":15},"end":{"line":15,"column":50}},"9":{"start":{"line":15,"column":41},"end":{"line":15,"column":74}},"10":{"start":{"line":18,"column":15},"end":{"line":19,"column":11}},"11":{"start":{"line":19,"column":2},"end":{"line":25,"column":5}},"12":{"start":{"line":28,"column":13},"end":{"line":31,"column":2}}},"fnMap":{"0":{"name":"(anonymous_13)","decl":{"start":{"line":6,"column":18},"end":{"line":6,"column":25}},"loc":{"start":{"line":6,"column":59},"end":{"line":12,"column":2}}},"1":{"name":"(anonymous_14)","decl":{"start":{"line":6,"column":59},"end":{"line":6,"column":null}},"loc":{"start":{"line":6,"column":59},"end":{"line":12,"column":2}}},"2":{"name":"(anonymous_16)","decl":{"start":{"line":15,"column":15},"end":{"line":15,"column":41}},"loc":{"start":{"line":15,"column":15},"end":{"line":15,"column":50}}},"3":{"name":"(anonymous_17)","decl":{"start":{"line":18,"column":15},"end":{"line":18,"column":16}},"loc":{"start":{"line":18,"column":32},"end":{"line":19,"column":11}}}},"branchMap":{"0":{"loc":{"start":{"line":7,"column":19},"end":{"line":7,"column":null}},"type":"switch","locations":[{"start":{"line":7,"column":19},"end":{"line":7,"column":null}}]},"1":{"loc":{"start":{"line":8,"column":2},"end":{"line":10,"column":null}},"type":"if","locations":[{"start":{"line":8,"column":2},"end":{"line":10,"column":null}}]}},"s":{"0":4,"1":4,"2":2,"3":2,"4":2,"5":1,"6":0,"7":1,"8":4,"9":0,"10":4,"11":2,"12":4},"f":{"0":2,"1":2,"2":0,"3":2},"b":{"0":[2],"1":[0]}}
,"/Users/joao/Downloads/Feito/assessment-cc-react-sr-01/src/reducers/monsters/monsters.service.ts": {"path":"/Users/joao/Downloads/Feito/assessment-cc-react-sr-01/src/reducers/monsters/monsters.service.ts","statementMap":{"0":{"start":{"line":1,"column":0},"end":{"line":1,"column":46}},"1":{"start":{"line":4,"column":15},"end":{"line":5,"column":71}},"2":{"start":{"line":5,"column":2},"end":{"line":5,"column":71}},"3":{"start":{"line":5,"column":54},"end":{"line":5,"column":70}},"4":{"start":{"line":7,"column":13},"end":{"line":9,"column":2}}},"fnMap":{"0":{"name":"(anonymous_13)","decl":{"start":{"line":4,"column":15},"end":{"line":4,"column":null}},"loc":{"start":{"line":4,"column":15},"end":{"line":5,"column":71}}},"1":{"name":"(anonymous_16)","decl":{"start":{"line":5,"column":42},"end":{"line":5,"column":50}},"loc":{"start":{"line":5,"column":50},"end":{"line":5,"column":62}}}},"branchMap":{"0":{"loc":{"start":{"line":5,"column":2},"end":{"line":5,"column":71}},"type":"switch","locations":[{"start":{"line":5,"column":2},"end":{"line":5,"column":71}},{"start":{"line":5,"column":2},"end":{"line":5,"column":71}}]}},"s":{"0":4,"1":10,"2":6,"3":3,"4":4},"f":{"0":12,"1":3},"b":{"0":[3,3]}}
}
