TN:
SF:src/app/hooks.ts
FN:5,(anonymous_0)
FNF:1
FNH:1
FNDA:38,(anonymous_0)
DA:1,2
DA:5,38
DA:6,2
LF:3
LH:3
BRF:0
BRH:0
end_of_record
TN:
SF:src/app/store.ts
FNF:0
FNH:0
DA:1,2
DA:2,2
DA:3,2
DA:5,2
LF:4
LH:4
BRF:0
BRH:0
end_of_record
TN:
SF:src/components/monster-battle-card/MonsterBattleCard.extended.styled.tsx
FN:7,(anonymous_1)
FN:8,(anonymous_2)
FN:50,(anonymous_3)
FNF:3
FNH:3
FNDA:59,(anonymous_1)
FNDA:32,(anonymous_2)
FNDA:32,(anonymous_3)
DA:1,3
DA:2,3
DA:3,3
DA:6,3
DA:7,59
DA:8,32
DA:21,3
DA:31,3
DA:42,3
DA:50,32
DA:65,3
LF:11
LH:11
BRDA:15,0,0,24
BRDA:15,0,1,8
BRDA:16,1,0,24
BRDA:16,1,1,8
BRDA:17,2,0,24
BRDA:17,2,1,8
BRF:6
BRH:6
end_of_record
TN:
SF:src/components/monster-battle-card/MonsterBattleCard.extended.tsx
FN:17,(anonymous_2)
FN:26,(anonymous_3)
FNF:2
FNH:2
FNDA:32,(anonymous_2)
FNDA:32,(anonymous_3)
DA:3,3
DA:17,32
DA:18,32
DA:19,24
DA:26,8
DA:27,32
DA:30,8
DA:64,3
LF:8
LH:8
BRDA:18,0,0,24
BRDA:36,1,0,8
BRDA:36,1,1,0
BRF:3
BRH:2
end_of_record
TN:
SF:src/components/monsters-list/MonstersList.extended.tsx
FN:18,(anonymous_2)
FN:24,(anonymous_3)
FN:37,(anonymous_4)
FN:40,(anonymous_5)
FNF:4
FNH:4
FNDA:20,(anonymous_2)
FNDA:5,(anonymous_3)
FNDA:75,(anonymous_4)
FNDA:5,(anonymous_5)
DA:2,2
DA:3,2
DA:5,2
DA:6,2
DA:18,20
DA:19,20
DA:20,20
DA:24,20
DA:25,5
DA:26,5
DA:27,5
DA:30,20
DA:37,75
DA:40,5
DA:54,2
LF:15
LH:15
BRDA:25,0,0,2
BRDA:25,0,1,3
BRDA:27,1,0,2
BRDA:27,1,1,3
BRDA:33,2,0,15
BRDA:33,2,1,5
BRF:6
BRH:6
end_of_record
TN:
SF:src/components/monsters-list/MonstersList.styled.tsx
FN:5,(anonymous_1)
FN:15,(anonymous_2)
FN:30,(anonymous_3)
FN:36,(anonymous_4)
FN:46,(anonymous_5)
FNF:5
FNH:5
FNDA:20,(anonymous_1)
FNDA:75,(anonymous_2)
FNDA:75,(anonymous_3)
FNDA:75,(anonymous_4)
FNDA:20,(anonymous_5)
DA:1,2
DA:2,2
DA:3,2
DA:5,20
DA:14,2
DA:15,75
DA:30,75
DA:36,75
DA:46,20
LF:9
LH:9
BRDA:17,0,0,5
BRDA:17,0,1,70
BRF:2
BRH:2
end_of_record
TN:
SF:src/components/title/Title.tsx
FN:5,(anonymous_1)
FNF:1
FNH:1
FNDA:15,(anonymous_1)
DA:1,1
DA:2,1
DA:3,1
DA:5,15
LF:4
LH:4
BRF:0
BRH:0
end_of_record
TN:
SF:src/components/winner-display/WinnerDisplay.extended.tsx
FN:8,(anonymous_0)
FNF:1
FNH:1
FNDA:2,(anonymous_0)
DA:2,3
DA:8,3
DA:14,3
LF:3
LH:3
BRF:0
BRH:0
end_of_record
TN:
SF:src/components/winner-display/WinnerDisplay.styled.tsx
FN:5,(anonymous_1)
FN:13,(anonymous_2)
FNF:2
FNH:2
FNDA:2,(anonymous_1)
FNDA:2,(anonymous_2)
DA:1,3
DA:2,3
DA:3,3
DA:5,3
DA:13,3
LF:5
LH:5
BRF:0
BRH:0
end_of_record
TN:
SF:src/constants/colors.ts
FNF:0
FNH:0
DA:1,6
LF:1
LH:1
BRF:0
BRH:0
end_of_record
TN:
SF:src/constants/env.ts
FNF:0
FNH:0
DA:1,6
LF:1
LH:1
BRF:0
BRH:0
end_of_record
TN:
SF:src/pages/battle-of-monsters/BattleOfMonsters.extended.styled.tsx
FN:5,(anonymous_1)
FN:13,(anonymous_2)
FN:19,(anonymous_3)
FNF:3
FNH:3
FNDA:15,(anonymous_1)
FNDA:15,(anonymous_2)
FNDA:15,(anonymous_3)
DA:1,1
DA:2,1
DA:3,1
DA:5,15
DA:13,15
DA:19,15
LF:6
LH:6
BRDA:20,0,0,13
BRDA:20,0,1,2
BRF:2
BRH:2
end_of_record
TN:
SF:src/pages/battle-of-monsters/BattleOfMonsters.extended.tsx
FN:22,(anonymous_16)
FN:31,(anonymous_17)
FN:35,(anonymous_18)
FN:38,(anonymous_19)
FN:52,(anonymous_20)
FNF:5
FNH:5
FNDA:18,(anonymous_16)
FNDA:3,(anonymous_17)
FNDA:6,(anonymous_18)
FNDA:10,(anonymous_19)
FNDA:2,(anonymous_20)
DA:1,1
DA:2,1
DA:3,1
DA:4,1
DA:5,1
DA:6,1
DA:7,1
DA:8,1
DA:12,1
DA:17,1
DA:18,1
DA:20,1
DA:22,1
DA:23,18
DA:24,18
DA:25,18
DA:27,18
DA:28,18
DA:29,18
DA:31,18
DA:32,3
DA:35,18
DA:36,6
DA:37,2
DA:38,10
DA:41,2
DA:42,2
DA:45,2
DA:48,4
DA:52,19
DA:53,1
DA:54,0
DA:57,1
DA:64,1
DA:65,0
DA:67,0
DA:68,0
DA:69,0
DA:71,0
DA:72,0
DA:77,18
DA:104,1
LF:42
LH:35
BRDA:36,0,0,2
BRDA:36,0,1,4
BRDA:41,1,0,2
BRDA:53,2,0,0
BRDA:53,3,0,1
BRDA:53,3,1,1
BRDA:64,4,0,0
BRDA:67,5,0,0
BRDA:67,5,1,0
BRDA:81,6,0,18
BRDA:81,6,1,0
BRDA:82,7,0,18
BRDA:82,7,1,0
BRDA:86,8,0,18
BRDA:86,8,1,14
BRDA:86,9,0,14
BRDA:86,9,1,4
BRDA:86,10,0,18
BRDA:86,10,1,4
BRDA:90,11,0,18
BRDA:90,11,1,4
BRDA:97,12,0,3
BRDA:97,12,1,15
BRF:23
BRH:17
end_of_record
TN:
SF:src/reducers/monsters/monsters.actions.extended.ts
FN:8,(anonymous_13)
FN:24,(anonymous_16)
FNF:2
FNH:1
FNDA:1,(anonymous_13)
FNDA:0,(anonymous_16)
DA:1,3
DA:2,3
DA:6,3
DA:8,1
DA:10,1
DA:14,0
DA:16,1
DA:22,3
DA:24,0
LF:9
LH:7
BRDA:16,0,0,1
BRDA:16,0,1,0
BRF:2
BRH:1
end_of_record
TN:
SF:src/reducers/monsters/monsters.actions.ts
FNF:0
FNH:0
DA:1,3
DA:3,3
DA:5,3
DA:10,3
LF:4
LH:4
BRF:0
BRH:0
end_of_record
TN:
SF:src/reducers/monsters/monsters.reducer.extended.ts
FN:22,(anonymous_0)
FN:24,(anonymous_1)
FN:29,(anonymous_2)
FN:37,(anonymous_3)
FNF:4
FNH:4
FNDA:3,(anonymous_0)
FNDA:1,(anonymous_1)
FNDA:2,(anonymous_2)
FNDA:1,(anonymous_3)
DA:1,3
DA:4,3
DA:13,3
DA:20,3
DA:24,3
DA:25,1
DA:29,3
DA:30,2
DA:31,2
DA:32,2
DA:33,2
DA:37,3
DA:38,1
LF:13
LH:13
BRDA:38,0,0,1
BRDA:38,0,1,0
BRF:2
BRH:1
end_of_record
TN:
SF:src/reducers/monsters/monsters.reducer.ts
FN:15,(anonymous_2)
FN:16,(anonymous_3)
FN:21,(anonymous_4)
FN:26,(anonymous_5)
FN:31,(anonymous_6)
FNF:5
FNH:5
FNDA:3,(anonymous_2)
FNDA:4,(anonymous_3)
FNDA:1,(anonymous_4)
FNDA:4,(anonymous_5)
FNDA:6,(anonymous_6)
DA:1,3
DA:3,3
DA:10,3
DA:15,3
DA:16,4
DA:21,3
DA:26,4
DA:31,6
LF:8
LH:8
BRF:0
BRH:0
end_of_record
TN:
SF:src/reducers/monsters/monsters.selectors.ts
FN:3,(anonymous_0)
FN:5,(anonymous_1)
FNF:2
FNH:2
FNDA:26,(anonymous_0)
FNDA:31,(anonymous_1)
DA:3,26
DA:5,1
DA:6,31
LF:3
LH:3
BRF:0
BRH:0
end_of_record
TN:
SF:src/reducers/monsters/monsters.service.extended.ts
FN:6,(anonymous_13)
FN:6,(anonymous_14)
FN:15,(anonymous_16)
FN:18,(anonymous_17)
FNF:4
FNH:3
FNDA:2,(anonymous_13)
FNDA:2,(anonymous_14)
FNDA:0,(anonymous_16)
FNDA:2,(anonymous_17)
DA:1,4
DA:6,4
DA:7,2
DA:8,1
DA:9,0
DA:11,1
DA:15,4
DA:18,4
DA:19,2
DA:28,4
LF:10
LH:9
BRDA:7,0,0,2
BRDA:8,1,0,0
BRF:2
BRH:1
end_of_record
TN:
SF:src/reducers/monsters/monsters.service.ts
FN:4,(anonymous_13)
FN:5,(anonymous_16)
FNF:2
FNH:2
FNDA:12,(anonymous_13)
FNDA:3,(anonymous_16)
DA:1,4
DA:4,10
DA:5,6
DA:7,4
LF:4
LH:4
BRDA:5,0,0,3
BRDA:5,0,1,3
BRF:2
BRH:2
end_of_record
